[Thu, 06 Dec 2012 22:41:32 GMT] INFO Server starting with config: {
  "environment": "development",
  "workers": 1,
  "port": 4000,
  "spdy": null,
  "ssl": null,
  "debug": true,
  "rotateWorkers": false,
  "rotationWindow": 7200000,
  "rotationTimeout": 300000,
  "logDir": "/Users/nkezhaya/Code/point-gaming/log",
  "gracefulShutdownTimeout": 30000,
  "heartbeatInterval": 5000,
  "heartbeatWindow": 20000,
  "staticFilePath": "/Users/nkezhaya/Code/point-gaming/public",
  "sessions": {
    "store": "memory",
    "key": "sid",
    "expiry": 1209600
  },
  "cookieSessionKey": "sdata",
  "metrics": null,
  "i18n": {
    "defaultLocale": "en-us",
    "loadPaths": [
      "/Users/nkezhaya/Code/point-gaming/config/locales"
    ]
  },
  "hostname": "localhost",
  "fullHostname": "http://localhost:4000",
  "connectCompatibility": false,
  "detailedErrors": true,
  "model": {
    "defaultAdapter": "memory"
  },
  "passport": {
    "successRedirect": "/",
    "failureRedirect": "/login",
    "twitter": {
      "consumerKey": "XXXXX",
      "consumerSecret": "XXXXX"
    },
    "facebook": {
      "clientID": "XXXXX",
      "clientSecret": "XXXXX"
    },
    "yammer": {
      "clientID": "XXXXX",
      "clientSecret": "XXXXX"
    }
  },
  "secret": "Np3fGp3uCRZ01aYGORwPEGVazQ0akEVea0cXKVjNhrG5Jt4vyyjQdkkGxRJ6cVAf0X9I2hY2kiZ1jkYbkoLM4xNu4QuBSenCaiHF5GikYfSCbr49IUqEQNe684PAuOfz"
}
[Thu, 06 Dec 2012 22:41:32 GMT] INFO Creating 1 worker process.
[Thu, 06 Dec 2012 22:41:33 GMT] INFO Server worker running in development on port 4000 with a PID of: 36941
[Thu, 06 Dec 2012 22:41:33 GMT] DEBUG LOGGING STARTED ============================================
[Thu, 06 Dec 2012 22:41:33 GMT] DEBUG ============================================================
